1) g=0
.  # . . . . . . # . 
.  # . . . . . E # . 
p0 # . . . . # # . . 
.  # . . . . . . . s0

2) g=1
.  # . . . . . . #  .
.  # . . . . . E #  .
.  # . . . . # # .  .
p0 # . . . . . . s0 .

3) g=2
.  # . . . . . .  # .
.  # . . . . . E  # .
p0 # . . . . # #  . .
.  # . . . . . s0 . .

4) g=3
.  # . . . . .  . # .
.  # . . . . .  E # .
.  # . . . . #  # . .
p0 # . . . . s0 . . .

5) g=4
.  # . . . .  . . # .
.  # . . . .  . E # .
p0 # . . . .  # # . .
.  # . . . s0 . . . .

6) g=5
.  # . . . .  . . # .
p0 # . . . .  . E # .
.  # . . . s0 # # . .
.  # . . . .  . . . .

7) g=6
p0 # . . . .  . . # .
.  # . . . s0 . E # .
.  # . . . .  # # . .
.  # . . . .  . . . .

8) g=7
.  # . . . . .  . # .
p0 # . . . . s0 E # .
.  # . . . . #  # . .
.  # . . . . .  . . .

9) g=8
p0 # . . . . . . # .
.  # . . . . . E # .
.  # . . . . # # . .
.  # . . . . . . . .
Soarecele s0 a iesit de pe harta.

