1) g=0
E  p0 . . s1 . . . . 
.  .  . . .  . . . . 
.  .  . . .  . . . . 
s0 .  . . .  E . . s2

2) g=3
E  . p0 s1 . . . .  .
.  . .  .  . . . .  .
s0 . .  .  . . . .  .
.  . .  .  . E . s2 .

3) g=6
E  . . p0 s1 . .  . .
s0 . . .  .  . .  . .
.  . . .  .  . .  . .
.  . . .  .  E s2 . .

4) g=7
E . . . p0 s1 . . .
. . . . .  .  . . .
. . . . .  .  . . .
. . . . .  E  . . .
Soarecele s0 a iesit de pe harta.
Soarecele s2 a iesit de pe harta.

5) g=8
E . . . . p0 s1 . .
. . . . . .  .  . .
. . . . . .  .  . .
. . . . . E  .  . .

