1) g=0
.  . . s0 . . . p0
#  E . .  . . . . 
.  @ . .  . . # s1
s2 # . E  @ . # . 

2) g=3
.  . s0 . . . . . 
#  E .  . . . . p0
s2 @ .  . . . # . 
.  # .  E @ . # . 
Pisica p0 a mancat soarecele s1.

3) g=5
.  s0 . . . . p0 .
#  E  . . . . .  .
.  @  . . . . #  .
s2 #  . E @ . #  .

4) g=7
s0 . . . . p0 . .
#  E . . . .  . .
s2 @ . . . .  # .
.  # . E @ .  # .

5) g=9
. s0 . . p0 . . .
# E  . . .  . . .
. S2 . . .  . # .
. #  . E @  . # .
Soarecele s2 s-a ascuns.

6) g=10
. . . p0 . . . .
# E . .  . . . .
. @ . .  . . # .
. # . E  @ . # .
Soarecele s0 a iesit de pe harta.
Soarecele s2 a iesit de pe harta.

