1) g=0
.  . . s0 . . . p0
#  E . .  . . . . 
.  . . .  . . # s1
s2 # . E  . . # . 

2) g=3
.  . s0 . . . . . 
#  E .  . . . . p0
s2 . .  . . . # . 
.  # .  E . . # . 
Pisica p0 a mancat soarecele s1.

3) g=5
.  s0 . . . . p0 .
#  E  . . . . .  .
.  .  . . . . #  .
s2 #  . E . . #  .

4) g=6
.  . . . . .  . .
#  E . . . p0 . .
s2 . . . . .  # .
.  # . E . .  # .
Soarecele s0 a iesit de pe harta.

5) g=7
.  . . . .  . . .
#  E . . .  . . .
.  . . . p0 . # .
s2 # . E .  . # .

6) g=8
.  . . .  . . . .
#  E . .  . . . .
s2 . . p0 . . # .
.  # . E  . . # .

7) g=9
. .  .  . . . . .
# E  .  . . . . .
. s2 p0 . . . # .
. #  .  E . . # .

8) g=10
. . .  . . . . .
# E p0 . . . . .
. . .  . . . # .
. # .  E . . # .
Soarecele s2 a iesit de pe harta.

