1) g=0
E  p0 . . s1 . . . . 
.  .  . . .  . . . . 
.  .  . . .  . . . . 
s0 .  . . .  E . . s2
.  .  . . .  . . . . 

2) g=3
E  . . . . s1 . . . 
p0 . . . . .  . . . 
s0 . . . . .  . . . 
.  . . . . E  . . . 
.  . . . . .  . . s2

3) g=6
E .  . . . .  . . . 
. .  . . . s1 . . . 
. p0 . . . .  . . . 
. .  . . . E  . . s2
. .  . . . .  . . . 
Pisica p0 a mancat soarecele s0.

4) g=8
E . .  . . .  . . . 
. . .  . . .  . . . 
. . p0 . . s1 . . . 
. . .  . . E  . . . 
. . .  . . .  . . s2

5) g=9
E . . .  . . . . . 
. . . .  . . . . . 
. . . .  . . . . . 
. . . p0 . E . . s2
. . . .  . . . . . 
Soarecele s1 a iesit de pe harta.

6) g=10
E . . . .  . . .  .
. . . . .  . . .  .
. . . . .  . . .  .
. . . . p0 E . s2 .
. . . . .  . . .  .

7) g=11
E . . . . .  .  . .
. . . . . .  .  . .
. . . . . .  .  . .
. . . . . E  s2 . .
. . . . . p0 .  . .

8) g=12
E . . . .  . . . .
. . . . .  . . . .
. . . . .  . . . .
. . . . p0 E . . .
. . . . .  . . . .
Soarecele s2 a iesit de pe harta.

