1) g=0
.  .  . . . E  . .  . p1 . . . 
s2 .  # . # #  . .  . .  . . . 
.  .  # . . .  . s1 . .  . . p2
.  .  . . . .  . .  . .  . . . 
.  p0 # # # #  # .  . .  . . . 
.  .  . . . s0 # .  . E  . . . 
.  .  . . # .  . .  . .  . . . 

2) g=3
s2 . . . . E  .  . .  . . .  .
.  . # . # #  .  . p1 . . .  .
.  . # . . .  s1 . .  . . p2 .
p0 . . . . .  .  . .  . . .  .
.  . # # # #  #  . .  . . .  .
.  . . . . .  #  . .  E . .  .
.  . . . # s0 .  . .  . . .  .

3) g=6
. s2 . . . E  .  .  . . .  . .
. .  # . # #  .  .  . . .  . .
. p0 # . . s1 .  p1 . . p2 . .
. .  . . . .  .  .  . . .  . .
. .  # # # #  #  .  . . .  . .
. .  . . . .  #  .  . E .  . .
. .  . . # .  s0 .  . . .  . .

4) g=9
. .  s2 . . E  .  .  . .  . . .
. p0 #  . # #  .  .  . .  . . .
. .  #  . . .  .  .  . .  . . .
. .  .  . . s1 p1 .  . p2 . . .
. .  #  # # #  #  .  . .  . . .
. .  .  . . .  #  .  . E  . . .
. .  .  . # .  .  s0 . .  . . .

5) g=12
. . p0 s2 .  E  . . .  . . . .
. . #  .  #  #  . . .  . . . .
. . #  .  .  .  . . .  . . . .
. . .  .  s1 p1 . . .  . . . .
. . #  #  #  #  # . p2 . . . .
. . .  .  .  .  # . .  E . . .
. . .  .  #  .  . . s0 . . . .

6) g=15
. . . p0 s2 E . . .  .  . . .
. . # .  #  # . . .  .  . . .
. . # .  .  . . . .  .  . . .
. . . s1 p1 . . . .  .  . . .
. . # #  #  # # . .  .  . . .
. . . .  .  . # . p2 E  . . .
. . . .  #  . . . .  s0 . . .

7) g=16
. . .  .  . E . .  . . . . .
. . #  p0 # # . .  . . . . .
. . #  .  . . . .  . . . . .
. . s1 p1 . . . .  . . . . .
. . #  #  # # # p2 . . . . .
. . .  .  . . # .  . E . . .
. . .  .  # . . .  . . . . .
Soarecele s0 a iesit de pe harta.
Soarecele s2 a iesit de pe harta.

