1) g=0
.  .  . . . E  . .  . p1 . . .
s2 .  # . # #  . .  . .  . . .
.  .  # . . .  . s1 . .  . . .
.  .  . . . .  . .  . .  . . .
.  p0 # # # #  # .  . .  . . .
.  .  . . . s0 # .  . E  . . .
.  .  . . # .  . .  . .  . . .

2) g=3
s2 . . . . E  . .  .  . . . .
.  . # . # #  . .  p1 . . . .
.  . # . . .  . .  .  . . . .
p0 . . . . .  . s1 .  . . . .
.  . # # # #  # .  .  . . . .
.  . . . . .  # .  .  E . . .
.  . . . # s0 . .  .  . . . .

3) g=9
. s2 . . . E  . .  . . . . .
. .  # . # #  . .  . . . . .
. p0 # . . .  . p1 . . . . .
. .  . . . .  . .  . . . . .
. .  # # # #  # .  . . . . .
. .  . . . s0 # .  . E . . .
. .  . . # .  . .  . . . . .
Pisica p1 a mancat soarecele s1.

4) g=11
. .  s2 . .  E .  . . . . . .
. p0 #  . #  # .  . . . . . .
. .  #  . .  . .  . . . . . .
. .  .  . .  . p1 . . . . . .
. .  #  # #  # #  . . . . . .
. .  .  . s0 . #  . . E . . .
. .  .  . #  . .  . . . . . .

5) g=13
. . p0 s2 . E  . . . . . . .
. . #  .  # #  . . . . . . .
. . #  .  . .  . . . . . . .
. . .  .  . p1 . . . . . . .
. . #  #  # #  # . . . . . .
. . .  s0 . .  # . . E . . .
. . .  .  # .  . . . . . . .

6) g=15
. . . p0 s2 E . . . . . . .
. . # .  #  # . . . . . . .
. . # .  p1 . . . . . . . .
. . . .  .  . . . . . . . .
. . # #  #  # # . . . . . .
. . . .  .  . # . . E . . .
. . . s0 #  . . . . . . . .

7) g=16
. . . .  . E . . . . . . .
. . # p0 # # . . . . . . .
. . # .  . . . . . . . . .
. . . p1 . . . . . . . . .
. . # #  # # # . . . . . .
. . . s0 . . # . . E . . .
. . . .  # . . . . . . . .
Soarecele s2 a iesit de pe harta.

8) g=17
. . .  .  . E . . . . . . .
. . #  .  # # . . . . . . .
. . #  p0 . . . . . . . . .
. . p1 .  . . . . . . . . .
. . #  #  # # # . . . . . .
. . .  .  . . # . . E . . .
. . .  s0 # . . . . . . . .

9) g=18
. .  . .  . E . . . . . . .
. .  # .  # # . . . . . . .
. .  # .  . . . . . . . . .
. .  . p0 . . . . . . . . .
. p1 # #  # # # . . . . . .
. .  . s0 . . # . . E . . .
. .  . .  # . . . . . . . .

10) g=19
. . .  . .  E . . . . . . .
. . #  . #  # . . . . . . .
. . #  . .  . . . . . . . .
. . .  . p0 . . . . . . . .
. . #  # #  # # . . . . . .
. . p1 . s0 . # . . E . . .
. . .  . #  . . . . . . . .

11) g=20
. . . .  . E  . . . . . . .
. . # .  # #  . . . . . . .
. . # .  . .  . . . . . . .
. . . .  . p0 . . . . . . .
. . # #  # #  # . . . . . .
. . . p1 . s0 # . . E . . .
. . . .  # .  . . . . . . .

12) g=21
. . . . .  E  . . . . . . .
. . # . #  #  . . . . . . .
. . # . .  .  . . . . . . .
. . . . p0 .  . . . . . . .
. . # # #  #  # . . . . . .
. . . . p1 .  # . . E . . .
. . . . #  s0 . . . . . . .

13) g=22
. . . . . E  .  . . . . . .
. . # . # #  .  . . . . . .
. . # . . .  .  . . . . . .
. . . . . p0 .  . . . . . .
. . # # # #  #  . . . . . .
. . . . . .  #  . . E . . .
. . . . # p1 s0 . . . . . .

14) g=23
. . . . . E .  .  . . . . .
. . # . # # .  .  . . . . .
. . # . . . .  .  . . . . .
. . . . . . p0 .  . . . . .
. . # # # # #  .  . . . . .
. . . . . . #  .  . E . . .
. . . . # . p1 s0 . . . . .

15) g=24
. . . . . E . .  .  . . . .
. . # . # # . .  .  . . . .
. . # . . . . .  .  . . . .
. . . . . . . .  .  . . . .
. . # # # # # p0 .  . . . .
. . . . . . # .  .  E . . .
. . . . # . . p1 s0 . . . .

16) g=25
. . . . . E . . .  .  . . .
. . # . # # . . .  .  . . .
. . # . . . . . .  .  . . .
. . . . . . . . .  .  . . .
. . # # # # # . .  .  . . .
. . . . . . # . p0 E  . . .
. . . . # . . . p1 s0 . . .

17) g=26
. . . . . E . . .  . . . .
. . # . # # . . .  . . . .
. . # . . . . . .  . . . .
. . . . . . . . .  . . . .
. . # # # # # . p0 . . . .
. . . . . . # . p1 E . . .
. . . . # . . . .  . . . .
Soarecele s0 a iesit de pe harta.

