1) g=0
.  .  . . . E  . .  . p1 . . . 
s2 .  # . # #  . .  . .  . . . 
.  .  # . . .  . s1 . .  . . . 
.  .  . . . .  . .  . .  . . p2
.  p0 # # # #  # .  . .  . . . 
.  .  . . . s0 # .  . .  . . . 
.  .  . . # .  . .  E .  . . . 

2) g=3
s2 . . . . E  . .  .  . . .  .
.  . # . # #  . .  p1 . . .  .
.  . # . . .  . .  .  . . .  .
p0 . . . . .  . s1 .  . . p2 .
.  . # # # #  # .  .  . . .  .
.  . . . . .  # .  .  . . .  .
.  . . . # s0 . .  E  . . .  .

3) g=6
. s2 . . . E .  .  . . .  . .
. .  # . # # .  .  . . .  . .
. p0 # . . . .  p1 . . .  . .
. .  . . . . .  .  . . .  . .
. .  # # # # #  s1 . . p2 . .
. .  . . . . #  .  . . .  . .
. .  . . # . s0 .  E . .  . .

4) g=9
. .  s2 . . E . .  . .  . . .
. p0 #  . # # . .  . .  . . .
. .  #  . . . . .  . .  . . .
. .  .  . . . . p1 . .  . . .
. .  #  # # # # .  . .  . . .
. .  .  . . . # s1 . p2 . . .
. .  .  . # . . s0 E .  . . .

5) g=10
. . p0 s2 . E . .  .  . . . .
. . #  .  # # . .  .  . . . .
. . #  .  . . . .  .  . . . .
. . .  .  . . . .  .  . . . .
. . #  #  # # # p1 .  . . . .
. . .  .  . . # .  p2 . . . .
. . .  .  # . . s1 E  . . . .
Soarecele s0 a iesit de pe harta.

6) g=11
. . . p0 s2 E .  .  . . . . .
. . # .  #  # .  .  . . . . .
. . # .  .  . .  .  . . . . .
. . . .  .  . p1 .  . . . . .
. . # #  #  # #  p2 . . . . .
. . . .  .  . #  .  . . . . .
. . . .  #  . .  .  E . . . .
Soarecele s1 a iesit de pe harta.

